<?xml version="1.0" encoding="UTF-8"?>
<testng-results skipped="0" failed="1" ignored="0" total="2" passed="1">
  <reporter-output>
  </reporter-output>
  <suite name="Default suite" duration-ms="4799" started-at="2020-10-03T16:32:11Z" finished-at="2020-10-03T16:32:16Z">
    <groups>
    </groups>
    <test name="Default test" duration-ms="4799" started-at="2020-10-03T16:32:11Z" finished-at="2020-10-03T16:32:16Z">
      <class name="com.cool.testers.selenium.SoftAssertTest">
        <test-method status="PASS" signature="softAssertEquals()[pri:0, instance:com.cool.testers.selenium.SoftAssertTest@4c1d9d4b]" name="softAssertEquals" duration-ms="8" started-at="2020-10-03T11:32:11Z" finished-at="2020-10-03T11:32:11Z">
          <reporter-output>
          </reporter-output>
        </test-method> <!-- softAssertEquals -->
        <test-method status="FAIL" signature="softAssertTitle()[pri:0, instance:com.cool.testers.selenium.SoftAssertTest@4c1d9d4b]" name="softAssertTitle" duration-ms="4774" started-at="2020-10-03T11:32:11Z" finished-at="2020-10-03T11:32:16Z">
          <exception class="java.lang.AssertionError">
            <message>
              <![CDATA[The following asserts failed:
	expected [OrangeHR] but found [OrangeHRM]]]>
            </message>
            <full-stacktrace>
              <![CDATA[java.lang.AssertionError: The following asserts failed:
	expected [OrangeHR] but found [OrangeHRM]
	at org.testng.asserts.SoftAssert.assertAll(SoftAssert.java:43)
	at com.cool.testers.selenium.SoftAssertTest.softAssertTitle(SoftAssertTest.java:45)
	at sun.reflect.NativeMethodAccessorImpl.invoke0(Native Method)
	at sun.reflect.NativeMethodAccessorImpl.invoke(Unknown Source)
	at sun.reflect.DelegatingMethodAccessorImpl.invoke(Unknown Source)
	at java.lang.reflect.Method.invoke(Unknown Source)
	at org.testng.internal.MethodInvocationHelper.invokeMethod(MethodInvocationHelper.java:104)
	at org.testng.internal.Invoker.invokeMethod(Invoker.java:645)
	at org.testng.internal.Invoker.invokeTestMethod(Invoker.java:851)
	at org.testng.internal.Invoker.invokeTestMethods(Invoker.java:1177)
	at org.testng.internal.TestMethodWorker.invokeTestMethods(TestMethodWorker.java:129)
	at org.testng.internal.TestMethodWorker.run(TestMethodWorker.java:112)
	at org.testng.TestRunner.privateRun(TestRunner.java:756)
	at org.testng.TestRunner.run(TestRunner.java:610)
	at org.testng.SuiteRunner.runTest(SuiteRunner.java:387)
	at org.testng.SuiteRunner.runSequentially(SuiteRunner.java:382)
	at org.testng.SuiteRunner.privateRun(SuiteRunner.java:340)
	at org.testng.SuiteRunner.run(SuiteRunner.java:289)
	at org.testng.SuiteRunnerWorker.runSuite(SuiteRunnerWorker.java:52)
	at org.testng.SuiteRunnerWorker.run(SuiteRunnerWorker.java:86)
	at org.testng.TestNG.runSuitesSequentially(TestNG.java:1293)
	at org.testng.TestNG.runSuitesLocally(TestNG.java:1218)
	at org.testng.TestNG.runSuites(TestNG.java:1133)
	at org.testng.TestNG.run(TestNG.java:1104)
	at org.testng.remote.AbstractRemoteTestNG.run(AbstractRemoteTestNG.java:115)
	at org.testng.remote.RemoteTestNG.initAndRun(RemoteTestNG.java:251)
	at org.testng.remote.RemoteTestNG.main(RemoteTestNG.java:77)
]]>
            </full-stacktrace>
          </exception> <!-- java.lang.AssertionError -->
          <reporter-output>
          </reporter-output>
        </test-method> <!-- softAssertTitle -->
      </class> <!-- com.cool.testers.selenium.SoftAssertTest -->
    </test> <!-- Default test -->
  </suite> <!-- Default suite -->
</testng-results>
